E:\FACE_RECOGNITION\FACERECONGNITION\DEBUG\FACERECONGNITION.EXE
E:\FACE_RECOGNITION\FACERECONGNITION\DEBUG\FACERECONGNITION.ILK
E:\FACE_RECOGNITION\FACERECONGNITION\DEBUG\FACERECONGNITION.PDB
E:\face_recognition\FaceRecongnition\FaceRecongnition\Debug\cl.command.1.tlog
E:\face_recognition\FaceRecongnition\FaceRecongnition\Debug\CL.read.1.tlog
E:\face_recognition\FaceRecongnition\FaceRecongnition\Debug\CL.write.1.tlog
E:\FACE_RECOGNITION\FACERECONGNITION\FACERECONGNITION\DEBUG\FACERECONGNITION.EXE.EMBED.MANIFEST
E:\FACE_RECOGNITION\FACERECONGNITION\FACERECONGNITION\DEBUG\FACERECONGNITION.EXE.EMBED.MANIFEST.RES
E:\FACE_RECOGNITION\FACERECONGNITION\FACERECONGNITION\DEBUG\FACERECONGNITION.EXE.INTERMEDIATE.MANIFEST
E:\FACE_RECOGNITION\FACERECONGNITION\FACERECONGNITION\DEBUG\FACERECONGNITION.OBJ
E:\FACE_RECOGNITION\FACERECONGNITION\FACERECONGNITION\DEBUG\FACERECONGNITION.PCH
E:\face_recognition\FaceRecongnition\FaceRecongnition\Debug\FaceRecongnition.write.1.tlog
E:\face_recognition\FaceRecongnition\FaceRecongnition\Debug\FaceRecongnition_manifest.rc
E:\face_recognition\FaceRecongnition\FaceRecongnition\Debug\link.10220.read.1.tlog
E:\face_recognition\FaceRecongnition\FaceRecongnition\Debug\link.10220.write.1.tlog
E:\face_recognition\FaceRecongnition\FaceRecongnition\Debug\link.10220-cvtres.read.1.tlog
E:\face_recognition\FaceRecongnition\FaceRecongnition\Debug\link.10220-cvtres.write.1.tlog
E:\face_recognition\FaceRecongnition\FaceRecongnition\Debug\link.command.1.tlog
E:\face_recognition\FaceRecongnition\FaceRecongnition\Debug\link.read.1.tlog
E:\face_recognition\FaceRecongnition\FaceRecongnition\Debug\link.write.1.tlog
E:\face_recognition\FaceRecongnition\FaceRecongnition\Debug\link-cvtres.read.1.tlog
E:\face_recognition\FaceRecongnition\FaceRecongnition\Debug\link-cvtres.write.1.tlog
E:\face_recognition\FaceRecongnition\FaceRecongnition\Debug\mt.command.1.tlog
E:\face_recognition\FaceRecongnition\FaceRecongnition\Debug\mt.read.1.tlog
E:\face_recognition\FaceRecongnition\FaceRecongnition\Debug\mt.write.1.tlog
E:\face_recognition\FaceRecongnition\FaceRecongnition\Debug\rc.command.1.tlog
E:\face_recognition\FaceRecongnition\FaceRecongnition\Debug\rc.read.1.tlog
E:\face_recognition\FaceRecongnition\FaceRecongnition\Debug\rc.write.1.tlog
E:\FACE_RECOGNITION\FACERECONGNITION\FACERECONGNITION\DEBUG\STDAFX.OBJ
E:\face_recognition\FaceRecongnition\FaceRecongnition\Debug\vc100.idb
E:\FACE_RECOGNITION\FACERECONGNITION\FACERECONGNITION\DEBUG\VC100.PDB
