生成启动时间为 2017/8/1 14:22:10。
     1>项目“E:\face_recognition\FaceRecongnition\FaceRecongnition\FaceRecongnition.vcxproj”在节点 2 上(build 个目标)。
     1>InitializeBuildStatus:
         正在创建“Debug\FaceRecongnition.unsuccessfulbuild”，因为已指定“AlwaysCreate”。
       ClCompile:
         所有输出均为最新。
         C:\Program Files (x86)\Microsoft Visual Studio 10.0\VC\bin\CL.exe /c /ZI /nologo /W3 /WX- /Od /Oy- /D WIN32 /D _DEBUG /D _CONSOLE /D _UNICODE /D UNICODE /Gm /EHsc /RTC1 /MDd /GS /fp:precise /Zc:wchar_t /Zc:forScope /Yu"StdAfx.h" /Fp"Debug\FaceRecongnition.pch" /Fo"Debug\\" /Fd"Debug\vc100.pdb" /Gd /TP /analyze- /errorReport:prompt FaceRecongnition.cpp
         FaceRecongnition.cpp
       ManifestResourceCompile:
         所有输出均为最新。
       Link:
         C:\Program Files (x86)\Microsoft Visual Studio 10.0\VC\bin\link.exe /ERRORREPORT:PROMPT /OUT:"E:\face_recognition\FaceRecongnition\Debug\FaceRecongnition.exe" /INCREMENTAL /NOLOGO opencv_calib3d249d.lib opencv_contrib249d.lib opencv_core249d.lib opencv_features2d249d.lib opencv_flann249d.lib opencv_gpu249d.lib opencv_highgui249d.lib opencv_imgproc249d.lib opencv_legacy249d.lib opencv_ml249d.lib opencv_nonfree249d.lib opencv_objdetect249d.lib opencv_ocl249d.lib opencv_photo249d.lib opencv_stitching249d.lib opencv_superres249d.lib opencv_ts249d.lib opencv_video249d.lib opencv_videostab249d.lib kernel32.lib user32.lib gdi32.lib winspool.lib comdlg32.lib advapi32.lib shell32.lib ole32.lib oleaut32.lib uuid.lib odbc32.lib odbccp32.lib /MANIFEST /ManifestFile:"Debug\FaceRecongnition.exe.intermediate.manifest" /MANIFESTUAC:"level='asInvoker' uiAccess='false'" /DEBUG /PDB:"E:\face_recognition\FaceRecongnition\Debug\FaceRecongnition.pdb" /SUBSYSTEM:CONSOLE /TLBID:1 /DYNAMICBASE /NXCOMPAT /IMPLIB:"E:\face_recognition\FaceRecongnition\Debug\FaceRecongnition.lib" /MACHINE:X86 Debug\FaceRecongnition.exe.embed.manifest.res
         Debug\FaceRecongnition.obj
         Debug\stdafx.obj
       Manifest:
         C:\Program Files (x86)\Microsoft SDKs\Windows\v7.0A\bin\mt.exe /nologo /verbose /out:"Debug\FaceRecongnition.exe.embed.manifest" /manifest Debug\FaceRecongnition.exe.intermediate.manifest
         所有输出均为最新。
       LinkEmbedManifest:
         所有输出均为最新。
         FaceRecongnition.vcxproj -> E:\face_recognition\FaceRecongnition\Debug\FaceRecongnition.exe
       FinalizeBuildStatus:
         正在删除文件“Debug\FaceRecongnition.unsuccessfulbuild”。
         正在对“Debug\FaceRecongnition.lastbuildstate”执行 Touch 任务。
     1>已完成生成项目“E:\face_recognition\FaceRecongnition\FaceRecongnition\FaceRecongnition.vcxproj”(build 个目标)的操作。

生成成功。

已用时间 00:00:03.23
